<?xml version="1.0" encoding="UTF-8"?>
<testsuites>
  <testsuite name="MainTest" file="/home/www/www1/tests/unit/MainTest.php" tests="1" assertions="2" failures="0" errors="0" time="0.003162">
    <testcase name="testFunctionTestWorksFine" class="MainTest" file="/home/www/www1/tests/unit/MainTest.php" line="5" assertions="2" time="0.003162"/>
  </testsuite>
</testsuites>
